<?xml version="1.0" encoding="UTF-8"?>
<!-- Generated by org.testng.reporters.JUnitXMLReporter -->
<testsuite hostname="MacBook-Pro-Astaroth.local" ignored="6" name="Default test" tests="1" failures="0" timestamp="12 Oct 2021 03:58:18 GMT" time="21.398" errors="0">
  <testcase name="testNavMenuKontakKami" time="6.635" classname="qaautomation.evermos.AppTest"/>
  <testcase name="testNavMenuGaleriProduk" time="0.0" classname="qaautomation.evermos.AppTest">
    <ignored/>
  </testcase> <!-- testNavMenuGaleriProduk -->
  <testcase name="testNavMenuTentangKami" time="0.0" classname="qaautomation.evermos.AppTest">
    <ignored/>
  </testcase> <!-- testNavMenuTentangKami -->
  <testcase name="testNavMenuPanduanReseller" time="0.0" classname="qaautomation.evermos.AppTest">
    <ignored/>
  </testcase> <!-- testNavMenuPanduanReseller -->
  <testcase name="testDaftarAkun" time="0.0" classname="qaautomation.evermos.AppTest">
    <ignored/>
  </testcase> <!-- testDaftarAkun -->
  <testcase name="testNavMenuPromo" time="0.0" classname="qaautomation.evermos.AppTest">
    <ignored/>
  </testcase> <!-- testNavMenuPromo -->
  <testcase name="testLoginPage" time="0.0" classname="qaautomation.evermos.AppTest">
    <ignored/>
  </testcase> <!-- testLoginPage -->
</testsuite> <!-- Default test -->
