<?xml version="1.0" encoding="UTF-8"?>
<!-- Generated by org.testng.reporters.JUnitXMLReporter -->
<testsuite hostname="MacBook-Pro-Astaroth.local" ignored="0" name="Default test" tests="5" failures="0" timestamp="15 Nov 2021 07:03:06 GMT" time="204.776" errors="0">
  <testcase name="getUrlDynamicToko" time="35.197" classname="qaautomation.evermos.AppTest"/>
  <testcase name="searchProduct" time="30.305" classname="qaautomation.evermos.AppTest"/>
  <testcase name="testAkunPage" time="23.859" classname="qaautomation.evermos.AppTest"/>
  <testcase name="testCategoryPage" time="20.959" classname="qaautomation.evermos.AppTest"/>
  <testcase name="testTransaksiPage" time="21.897" classname="qaautomation.evermos.AppTest"/>
</testsuite> <!-- Default test -->
